2025-11-02 16:48:58,409 - ERROR - url: https://iptv.catvod.com/tv.m3u 爬取失败❌, Error: 403 Client Error: Forbidden for url: https://iptv.catvod.com/tv.m3u
2025-11-02 16:48:58,464 - ERROR - url: https://live.catvod.com/tv.m3u 爬取失败❌, Error: 403 Client Error: Forbidden for url: https://live.catvod.com/tv.m3u
2025-11-02 16:48:58,565 - ERROR - url: https://raw.githubusercontent.com/develop202/migu_video/refs/heads/main/interface.txt
    "http://tv.850930.xyz/kdsb.txt", #ADDED BY LEM ON 28/09/2024
    "http://tv.850930.xyz/kdsb2.txt", #ADDED BY LEM ON 28/09/2024
    "http://tv.850930.xyz/gather.m3u", #ADDED BY LEM ON 29/07/2024
    "https://tanway.oss-cn-beijing.aliyuncs.com/upload/juhe_42636_b9e159834f.txt", #ADDED BY LEM ON 01/06/2025
    "http://xg.52sw.top/iptv/litv.php", #ADDED BY LEM ON 31/05/2025
    "https://smart.pendy.dpdns.org/m3u/merged_judy.m3u", #ADDED BY LEM ON 31/05/2025
    "https://live.wqwqwq.sbs/tv.m3u", #ADDED BY LEM ON 26/11/2024
    "https://lu.wqwqwq.sbs/tv.m3u", #ADDED BY LEM ON 26/11/2024
    "https://4g.wqwqwq.sbs/iptv.m3u", #ADDED BY LEM ON 26/11/2024
    "https://tv.wqwqwq.sbs/iptv.m3u", #ADDED BY LEM ON 26/11/2024
    "https://www.mytvsuper.xyz/m3u/Live.m3u", #ADDED BY LEM ON 30/11/2024
    "https://live.hacks.tools/tv/ipv4/categories/央视频道.m3u", #ADDED BY LEM ON 10/02/2025
    "https://live.hacks.tools/tv/ipv4/categories/地方频道.m3u", #ADDED BY LEM ON 10/02/2025
    "https://live.hacks.tools/tv/ipv4/categories/卫视频道.m3u", #ADDED BY LEM ON 10/02/2025
    "https://live.hacks.tools/iptv/languages/zho.m3u", #ADDED BY LEM ON 10/02/2025
    "https://tv.ccsource.us.kg/live.txt", #ADDED BY LEM ON 08/12/2024
    "https://raw.githubusercontent.com/zwc456baby/iptv_alive/master/live.txt", #ADDED BY LEM ON 14/11/2024
    "https://raw.githubusercontent.com/redrainl/iptv/main/speedtest/zubo_fofa.txt", #ADDED BY LEM ON 01/08/2024
    "https://raw.githubusercontent.com/Guovin/TV/gd/result.txt",
    "https://raw.githubusercontent.com/pxiptv/live/main/iptv.txt", #ADDED BY LEM ON 08/08/2024
    "https://raw.githubusercontent.com/n3rddd/MemoryCollection-IPTV/refs/heads/main/itvlist.m3u", #ADDED BY LEM ON 09/11/2024
    "https://4gtv.pendy.us.kg/myiptv.m3u", #ADDED BY LEM ON 04/11/2024
    "https://aktv.top/live.m3u", #ADDED BY LEM ON 18/10/2024
    "https://gitcode.net/ygbh66/test/-/raw/master/oh.txt", #ADDED BY LEM ON 10/09/2024
    "https://raw.githubusercontent.com/wwb521/live/main/tv.m3u", #ADDED BY LEM ON 28/09/2024
    "https://raw.githubusercontent.com/kakaxi-1/IPTV/main/iptv.txt", #ADDED BY LEM ON 27/09/2024
    "https://raw.githubusercontent.com/SingerLan/live/refs/heads/main/jiexi.txt", #ADDED BY LEM ON 20/11/2024
    "https://json.doube.eu.org/live/migu/Sub.php", #ADDED BY LEM ON 20/11/2024
    "https://www.stream-link.org/stream-link.m3u", #ADDED BY LEM ON 31/08/2024
    "https://raw.githubusercontent.com/ssili126/tv/main/itvlist.txt",
    "https://raw.githubusercontent.com/joevess/IPTV/main/iptv.m3u8", #ADDED BY LEM ON 08/09/2024  
    "https://raw.githubusercontent.com/kimwang1978/collect-tv-txt/main/merged_output.txt", #ADDED BY LEM ON 29/07/2024
    "http://kxrj.site:55/lib/kx2024.txt", #ADDED BY LEM ON 22/10/2024
    "https://raw.githubusercontent.com/Love4vn/love4vn/main/Sport.m3u", #奥运 ON 29/07/2024
    "https://gitlab.com/tvkj/qxitv/-/raw/main/888.txt" #ADDED BY LEM ON 29/07/2024
     爬取失败❌, Error: 404 Client Error: Not Found for url: https://raw.githubusercontent.com/develop202/migu_video/refs/heads/main/interface.txt%250A%2520%2520%2520%2520%2522http:/tv.850930.xyz/kdsb.txt%2522,%2520#ADDED%20BY%20LEM%20ON%2028/09/2024%0A%20%20%20%20%22http://tv.850930.xyz/kdsb2.txt%22,%20%23ADDED%20BY%20LEM%20ON%2028/09/2024%0A%20%20%20%20%22http://tv.850930.xyz/gather.m3u%22,%20%23ADDED%20BY%20LEM%20ON%2029/07/2024%0A%20%20%20%20%22https://tanway.oss-cn-beijing.aliyuncs.com/upload/juhe_42636_b9e159834f.txt%22,%20%23ADDED%20BY%20LEM%20ON%2001/06/2025%0A%20%20%20%20%22http://xg.52sw.top/iptv/litv.php%22,%20%23ADDED%20BY%20LEM%20ON%2031/05/2025%0A%20%20%20%20%22https://smart.pendy.dpdns.org/m3u/merged_judy.m3u%22,%20%23ADDED%20BY%20LEM%20ON%2031/05/2025%0A%20%20%20%20%22https://live.wqwqwq.sbs/tv.m3u%22,%20%23ADDED%20BY%20LEM%20ON%2026/11/2024%0A%20%20%20%20%22https://lu.wqwqwq.sbs/tv.m3u%22,%20%23ADDED%20BY%20LEM%20ON%2026/11/2024%0A%20%20%20%20%22https://4g.wqwqwq.sbs/iptv.m3u%22,%20%23ADDED%20BY%20LEM%20ON%2026/11/2024%0A%20%20%20%20%22https://tv.wqwqwq.sbs/iptv.m3u%22,%20%23ADDED%20BY%20LEM%20ON%2026/11/2024%0A%20%20%20%20%22https://www.mytvsuper.xyz/m3u/Live.m3u%22,%20%23ADDED%20BY%20LEM%20ON%2030/11/2024%0A%20%20%20%20%22https://live.hacks.tools/tv/ipv4/categories/%E5%A4%AE%E8%A7%86%E9%A2%91%E9%81%93.m3u%22,%20%23ADDED%20BY%20LEM%20ON%2010/02/2025%0A%20%20%20%20%22https://live.hacks.tools/tv/ipv4/categories/%E5%9C%B0%E6%96%B9%E9%A2%91%E9%81%93.m3u%22,%20%23ADDED%20BY%20LEM%20ON%2010/02/2025%0A%20%20%20%20%22https://live.hacks.tools/tv/ipv4/categories/%E5%8D%AB%E8%A7%86%E9%A2%91%E9%81%93.m3u%22,%20%23ADDED%20BY%20LEM%20ON%2010/02/2025%0A%20%20%20%20%22https://live.hacks.tools/iptv/languages/zho.m3u%22,%20%23ADDED%20BY%20LEM%20ON%2010/02/2025%0A%20%20%20%20%22https://tv.ccsource.us.kg/live.txt%22,%20%23ADDED%20BY%20LEM%20ON%2008/12/2024%0A%20%20%20%20%22https://raw.githubusercontent.com/zwc456baby/iptv_alive/master/live.txt%22,%20%23ADDED%20BY%20LEM%20ON%2014/11/2024%0A%20%20%20%20%22https://raw.githubusercontent.com/redrainl/iptv/main/speedtest/zubo_fofa.txt%22,%20%23ADDED%20BY%20LEM%20ON%2001/08/2024%0A%20%20%20%20%22https://raw.githubusercontent.com/Guovin/TV/gd/result.txt%22,%0A%20%20%20%20%22https://raw.githubusercontent.com/pxiptv/live/main/iptv.txt%22,%20%23ADDED%20BY%20LEM%20ON%2008/08/2024%0A%20%20%20%20%22https://raw.githubusercontent.com/n3rddd/MemoryCollection-IPTV/refs/heads/main/itvlist.m3u%22,%20%23ADDED%20BY%20LEM%20ON%2009/11/2024%0A%20%20%20%20%22https://4gtv.pendy.us.kg/myiptv.m3u%22,%20%23ADDED%20BY%20LEM%20ON%2004/11/2024%0A%20%20%20%20%22https://aktv.top/live.m3u%22,%20%23ADDED%20BY%20LEM%20ON%2018/10/2024%0A%20%20%20%20%22https://gitcode.net/ygbh66/test/-/raw/master/oh.txt%22,%20%23ADDED%20BY%20LEM%20ON%2010/09/2024%0A%20%20%20%20%22https://raw.githubusercontent.com/wwb521/live/main/tv.m3u%22,%20%23ADDED%20BY%20LEM%20ON%2028/09/2024%0A%20%20%20%20%22https://raw.githubusercontent.com/kakaxi-1/IPTV/main/iptv.txt%22,%20%23ADDED%20BY%20LEM%20ON%2027/09/2024%0A%20%20%20%20%22https://raw.githubusercontent.com/SingerLan/live/refs/heads/main/jiexi.txt%22,%20%23ADDED%20BY%20LEM%20ON%2020/11/2024%0A%20%20%20%20%22https://json.doube.eu.org/live/migu/Sub.php%22,%20%23ADDED%20BY%20LEM%20ON%2020/11/2024%0A%20%20%20%20%22https://www.stream-link.org/stream-link.m3u%22,%20%23ADDED%20BY%20LEM%20ON%2031/08/2024%0A%20%20%20%20%22https://raw.githubusercontent.com/ssili126/tv/main/itvlist.txt%22,%0A%20%20%20%20%22https://raw.githubusercontent.com/joevess/IPTV/main/iptv.m3u8%22,%20%23ADDED%20BY%20LEM%20ON%2008/09/2024%20%20%0A%20%20%20%20%22https://raw.githubusercontent.com/kimwang1978/collect-tv-txt/main/merged_output.txt%22,%20%23ADDED%20BY%20LEM%20ON%2029/07/2024%0A%20%20%20%20%22http://kxrj.site:55/lib/kx2024.txt%22,%20%23ADDED%20BY%20LEM%20ON%2022/10/2024%0A%20%20%20%20%22https://raw.githubusercontent.com/Love4vn/love4vn/main/Sport.m3u%22,%20%23%E5%A5%A5%E8%BF%90%20ON%2029/07/2024%0A%20%20%20%20%22https://gitlab.com/tvkj/qxitv/-/raw/main/888.txt%22%20%23ADDED%20BY%20LEM%20ON%2029/07/2024%0A%20%20%20%20
